<?xml version="1.0" encoding="UTF-8"?>
<!-- Generated by org.testng.reporters.JUnitXMLReporter -->
<testsuite hostname="LAPTOP-9T0OC1D4" ignored="0" name="TestNGMaven" tests="3" failures="0" timestamp="2020-12-28T18:21:39 PST" time="0.063" errors="0">
  <testcase name="test1" time="0.0" classname="Basic.ExpectedException"/>
  <testcase name="test2" time="0.0" classname="Basic.ExpectedException"/>
  <testcase name="test3" time="0.0" classname="Basic.ExpectedException"/>
</testsuite> <!-- TestNGMaven -->
